# JRE version: Java(TM) SE Runtime Environment 18.9 (11.0.14+8) (build 11.0.14+8-LTS-263)
# Java VM: Java HotSpot(TM) 64-Bit Server VM 18.9 (11.0.14+8-LTS-263, mixed mode, tiered, compressed oops, g1 gc, windows-amd64)
Heap:
 garbage-first heap   total 65536K, used 17374K [0x00000000c0800000, 0x0000000100000000)
  region size 1024K, 12 young (12288K), 4 survivors (4096K)
 Metaspace       used 25532K, capacity 26215K, committed 26496K, reserved 1073152K
  class space    used 2878K, capacity 3153K, committed 3200K, reserved 1048576K
GC Heap History (8 events):
Event: 10.037 GC heap before
{Heap before GC invocations=0 (full 0):
 garbage-first heap   total 65536K, used 23552K [0x00000000c0800000, 0x0000000100000000)
  region size 1024K, 22 young (22528K), 0 survivors (0K)
 Metaspace       used 11074K, capacity 11270K, committed 11392K, reserved 1058816K
  class space    used 1070K, capacity 1144K, committed 1152K, reserved 1048576K
}
Event: 10.049 GC heap after
{Heap after GC invocations=1 (full 0):
 garbage-first heap   total 65536K, used 6374K [0x00000000c0800000, 0x0000000100000000)
  region size 1024K, 3 young (3072K), 3 survivors (3072K)
 Metaspace       used 11074K, capacity 11270K, committed 11392K, reserved 1058816K
  class space    used 1070K, capacity 1144K, committed 1152K, reserved 1048576K
}
Event: 11.711 GC heap before
{Heap before GC invocations=1 (full 0):
 garbage-first heap   total 65536K, used 23782K [0x00000000c0800000, 0x0000000100000000)
  region size 1024K, 20 young (20480K), 3 survivors (3072K)
 Metaspace       used 15095K, capacity 15455K, committed 15616K, reserved 1062912K
  class space    used 1562K, capacity 1702K, committed 1792K, reserved 1048576K
}
Event: 11.720 GC heap after
{Heap after GC invocations=2 (full 0):
 garbage-first heap   total 65536K, used 7262K [0x00000000c0800000, 0x0000000100000000)
  region size 1024K, 2 young (2048K), 2 survivors (2048K)
 Metaspace       used 15095K, capacity 15455K, committed 15616K, reserved 1062912K
  class space    used 1562K, capacity 1702K, committed 1792K, reserved 1048576K
}
Event: 14.958 GC heap before
{Heap before GC invocations=2 (full 0):
 garbage-first heap   total 65536K, used 32862K [0x00000000c0800000, 0x0000000100000000)
  region size 1024K, 27 young (27648K), 2 survivors (2048K)
 Metaspace       used 19984K, capacity 20480K, committed 20608K, reserved 1067008K
  class space    used 2190K, capacity 2389K, committed 2432K, reserved 1048576K
}
Event: 14.963 GC heap after
{Heap after GC invocations=3 (full 0):
 garbage-first heap   total 65536K, used 8342K [0x00000000c0800000, 0x0000000100000000)
  region size 1024K, 3 young (3072K), 3 survivors (3072K)
 Metaspace       used 19984K, capacity 20480K, committed 20608K, reserved 1067008K
  class space    used 2190K, capacity 2389K, committed 2432K, reserved 1048576K
}
Event: 17.680 GC heap before
{Heap before GC invocations=3 (full 0):
 garbage-first heap   total 65536K, used 10390K [0x00000000c0800000, 0x0000000100000000)
  region size 1024K, 6 young (6144K), 3 survivors (3072K)
 Metaspace       used 20594K, capacity 21091K, committed 21248K, reserved 1069056K
  class space    used 2249K, capacity 2465K, committed 2560K, reserved 1048576K
}
Event: 17.690 GC heap after
{Heap after GC invocations=4 (full 0):
 garbage-first heap   total 65536K, used 8428K [0x00000000c0800000, 0x0000000100000000)
  region size 1024K, 3 young (3072K), 3 survivors (3072K)
 Metaspace       used 20594K, capacity 21091K, committed 21248K, reserved 1069056K
  class space    used 2249K, capacity 2465K, committed 2560K, reserved 1048576K
}

